Tue Apr 14 07:05:33 CDT 2026: SWAP Report push starting
[main a324406] SWAP Report 2026-04-14 07:05 CT
 1 file changed, 1120 insertions(+), 365 deletions(-)
To https://github.com/stevennolanjr-dev/swap-report.git
   fbcb052..a324406  main -> main
Tue Apr 14 07:05:35 CDT 2026: SUCCESS - Pushed to GitHub Pages
Sun May 10 10:51:52 CDT 2026: SWAP Report push starting
Sun May 10 10:51:52 CDT 2026: Running FORMAT_LOCK compliance gate (verify_format.py)
Checked 20 FORMAT_LOCK rules.

  OK    §0   960px .page container wraps content
  OK    §1   body[data-theme="warm"] default
  OK    §2   .masthead class (not .mast)
  OK    §2   .masthead-title element
  OK    §3   .edition-bar is neutral (not crimson)
  OK    §3a  no stevennolanjr-dev.github.io leak
  OK    §3a  theswap.report referenced (footer/OG)
  OK    §4   Ventusky iframe embedded
  OK    §4   no static city weather cards
  OK    §4   no .metar-card blocks
  OK    §5   scrolling .ticker-wrap present
  OK    §5   no static .market-strip
  OK    §8   no legacy CSS var --masthead-bg
  OK    §8   no legacy CSS var --masthead-text
  OK    §8   no legacy CSS var --strip-bg
  OK    §8   no legacy CSS var --strip-text
  OK    §2   IBM Plex Mono font loaded
  OK    §13  no em dashes in reader content
  OK    §14  no third-person self-reference
  OK    §15  no plumbing language in reader content

PASS: FORMAT_LOCK compliant.
Sun May 10 10:51:52 CDT 2026: Running link gate
Checking 49 href/src URLs in index.html
Against 1488 URLs (1180 daily + 309 deep-reads + 0 seeded)

  8 infrastructure/internal
  2 relative
  39 from RSS pool
  0 unverified

PASS: all 49 URLs verified and no unsourced publisher claims.
Sun May 10 10:51:53 CDT 2026: Snapshotting to archive/
OK: snapshotted to archive/2026-05-10.html (8 total in archive)
Sun May 10 10:51:53 CDT 2026: Synced special-editions folder
Sun May 10 10:51:53 CDT 2026: Synced archive folder (       9 files)
[main 690dba6] SWAP Report 2026-05-10 10:51 CT
 2 files changed, 1000 insertions(+), 638 deletions(-)
 create mode 100644 special-editions/hungary-after-orban.html
To https://github.com/stevennolanjr-dev/swap-report.git
 ! [rejected]        main -> main (fetch first)
error: failed to push some refs to 'https://github.com/stevennolanjr-dev/swap-report.git'
hint: Updates were rejected because the remote contains work that you do not
hint: have locally. This is usually caused by another repository pushing to
hint: the same ref. If you want to integrate the remote changes, use
hint: 'git pull' before pushing again.
hint: See the 'Note about fast-forwards' in 'git push --help' for details.
Sun May 10 10:51:54 CDT 2026: ERROR - git push failed
